c:\users\sebastian\source\repos\products\products\x64\debug\vc143.pdb
c:\users\sebastian\source\repos\products\products\x64\debug\qrc_products.obj
c:\users\sebastian\source\repos\products\products\x64\debug\repo.obj
c:\users\sebastian\source\repos\products\products\x64\debug\products.obj
c:\users\sebastian\source\repos\products\products\x64\debug\main.obj
c:\users\sebastian\source\repos\products\products\x64\debug\moc_products.obj
c:\users\sebastian\source\repos\products\products\x64\debug\service.obj
c:\users\sebastian\source\repos\products\products\x64\debug\gui.obj
c:\users\sebastian\source\repos\products\products\x64\debug\moc\moc_products.cpp
c:\users\sebastian\source\repos\products\products\x64\debug\uic\ui_products.h
c:\users\sebastian\source\repos\products\products\x64\debug\rcc\qrc_products.cpp
c:\users\sebastian\source\repos\products\x64\debug\products.pdb
c:\users\sebastian\source\repos\products\x64\debug\products.exe
c:\users\sebastian\source\repos\products\x64\debug\products.ilk
c:\users\sebastian\source\repos\products\products\x64\debug\products.tlog\cl.command.1.tlog
c:\users\sebastian\source\repos\products\products\x64\debug\products.tlog\cl.read.1.tlog
c:\users\sebastian\source\repos\products\products\x64\debug\products.tlog\cl.write.1.tlog
c:\users\sebastian\source\repos\products\products\x64\debug\products.tlog\link.command.1.tlog
c:\users\sebastian\source\repos\products\products\x64\debug\products.tlog\link.read.1.tlog
c:\users\sebastian\source\repos\products\products\x64\debug\products.tlog\link.write.1.tlog
c:\users\sebastian\source\repos\products\products\x64\debug\products.tlog\moc.read.1u.tlog
c:\users\sebastian\source\repos\products\products\x64\debug\products.tlog\moc.write.1u.tlog
c:\users\sebastian\source\repos\products\products\x64\debug\products.tlog\products.write.1u.tlog
c:\users\sebastian\source\repos\products\products\x64\debug\products.tlog\rcc.read.1u.tlog
c:\users\sebastian\source\repos\products\products\x64\debug\products.tlog\rcc.write.1u.tlog
c:\users\sebastian\source\repos\products\products\x64\debug\products.tlog\uic.read.1u.tlog
c:\users\sebastian\source\repos\products\products\x64\debug\products.tlog\uic.write.1u.tlog
